vbf_m125_8TeV 99885 73204 54720
Radion_m300_8TeV 39999 36824 26422
Radion_m400_8TeV 19697 18358 13048
Radion_m401_8TeV 19697 18358 13048
wzh_m125_8TeV_zh 100320 25461 18088
Radion_m1100_8TeV 19400 18858 14671
bbh_m125_8TeV 99434 68849 56752
Radion_m500_8TeV 39997 37569 26952
tth_m125_8TeV 93312 89059 52040
ggHH_m125_bbaa_8TeV_Lam_1d0_Yt_1d0_c2_0d0 20000 18713 13314
Radion_m600_8TeV 18197 17245 12640
wzh_m125_8TeV_wh 100320 48116 33536
Radion_m700_8TeV 39995 38113 28369
Radion_m1000_8TeV 19996 19419 14956
Radion_m450_8TeV 19999 18666 13174
Radion_m350_8TeV 18498 17090 12215
Radion_m270_8TeV 19996 18306 13229
Radion_m1300_8TeV 19996 19530 15413
Radion_m800_8TeV 19999 19208 14505
Radion_m900_8TeV 19996 19298 14802
Radion_m650_8TeV 20000 18944 14028
Radion_m1200_8TeV 20000 19457 15201
Radion_m550_8TeV 19995 18849 13724
Radion_m1500_8TeV 19999 19627 15536
ggh_m125_powheg_8TeV 96290 61666 50177
